<?xml version="1.0" encoding="UTF-8"?>
<!-- Generated by org.testng.reporters.JUnitXMLReporter -->
<testsuite hostname="DESKTOP-RV8OV7R" ignored="0" name="Test2" tests="6" failures="0" timestamp="01 Mar 2023 09:05:56 GMT" time="92.586" errors="0">
  <testcase name="test" time="0.007" classname="A.Grooping"/>
  <testcase name="test2" time="0.002" classname="A.Grooping"/>
  <testcase name="test3" time="0.001" classname="A.Grooping"/>
  <testcase name="test4" time="0.001" classname="A.Grooping"/>
  <testcase name="test5" time="0.001" classname="A.Grooping"/>
  <testcase name="test6" time="0.001" classname="A.Grooping"/>
</testsuite> <!-- Test2 -->
