<?xml version="1.0" encoding="UTF-8"?>
<!-- Generated by org.testng.reporters.JUnitXMLReporter -->
<testsuite hostname="DESKTOP-RV8OV7R" ignored="3" name="Test" tests="3" failures="0" timestamp="01 Mar 2023 10:24:34 GMT" time="0.04" errors="0">
  <testcase name="test" time="0.008" classname="A.Grooping"/>
  <testcase name="test3" time="0.0" classname="A.Grooping"/>
  <testcase name="test5" time="0.0" classname="A.Grooping"/>
  <testcase name="test6" time="0.0" classname="A.Grooping">
    <ignored/>
  </testcase> <!-- test6 -->
  <testcase name="test4" time="0.0" classname="A.Grooping">
    <ignored/>
  </testcase> <!-- test4 -->
  <testcase name="test2" time="0.0" classname="A.Grooping">
    <ignored/>
  </testcase> <!-- test2 -->
</testsuite> <!-- Test -->
