<?xml version="1.0" encoding="UTF-8"?>
<!-- Generated by org.testng.reporters.JUnitXMLReporter -->
<testsuite hostname="DESKTOP-RV8OV7R" ignored="0" name="Default test" tests="6" failures="0" timestamp="01 Mar 2023 10:28:55 GMT" time="240.083" errors="0">
  <testcase name="test" time="0.008" classname="A.Grooping"/>
  <testcase name="test2" time="0.003" classname="A.Grooping"/>
  <testcase name="test3" time="0.001" classname="A.Grooping"/>
  <testcase name="test4" time="0.0" classname="A.Grooping"/>
  <testcase name="test5" time="0.008" classname="A.Grooping"/>
  <testcase name="test6" time="0.002" classname="A.Grooping"/>
</testsuite> <!-- Default test -->
